[debug] [2023-09-13T10:47:41.542Z] ----------------------------------------------------------------------
[debug] [2023-09-13T10:47:41.546Z] Command:       C:\Program Files\nodejs\node.exe C:\Users\Lusanda Tsilana\AppData\Roaming\npm\node_modules\firebase-tools\lib\bin\firebase.js init
[debug] [2023-09-13T10:47:41.547Z] CLI Version:   12.5.3
[debug] [2023-09-13T10:47:41.548Z] Platform:      win32
[debug] [2023-09-13T10:47:41.548Z] Node Version:  v18.17.0
[debug] [2023-09-13T10:47:41.551Z] Time:          Wed Sep 13 2023 12:47:41 GMT+0200 (South Africa Standard Time)
[debug] [2023-09-13T10:47:41.551Z] ----------------------------------------------------------------------
[debug] 
[debug] [2023-09-13T10:47:41.569Z] > command requires scopes: ["email","openid","https://www.googleapis.com/auth/cloudplatformprojects.readonly","https://www.googleapis.com/auth/firebase","https://www.googleapis.com/auth/cloud-platform"]
[debug] [2023-09-13T10:47:41.571Z] > authorizing via signed-in user (lusanda.tsilana@younglings.africa)
[info] 
     ######## #### ########  ######## ########     ###     ######  ########
     ##        ##  ##     ## ##       ##     ##  ##   ##  ##       ##
     ######    ##  ########  ######   ########  #########  ######  ######
     ##        ##  ##    ##  ##       ##     ## ##     ##       ## ##
     ##       #### ##     ## ######## ########  ##     ##  ######  ########

You're about to initialize a Firebase project in this directory:

  C:\Users\Lusanda Tsilana\Documents\GitHub\ViteVueF-Project

[info] 
=== Project Setup
[info] 
[info] First, let's associate this project directory with a Firebase project.
[info] You can create multiple project aliases by running firebase use --add, 
[info] but for now we'll just set up a default project.
[info] 
